# JRE version: Java(TM) SE Runtime Environment (8.0_77-b03) (build 1.8.0_77-b03)
# Java VM: Java HotSpot(TM) 64-Bit Server VM (25.77-b03 mixed mode windows-amd64 compressed oops)
Heap:
 PSYoungGen      total 402432K, used 315480K [0x0000000780b80000, 0x000000079a780000, 0x00000007c0000000)
  eden space 384000K, 82% used [0x0000000780b80000,0x0000000793f961e0,0x0000000798280000)
  from space 18432K, 0% used [0x0000000799580000,0x0000000799580000,0x000000079a780000)
  to   space 18944K, 0% used [0x0000000798280000,0x0000000798280000,0x0000000799500000)
 ParOldGen       total 159232K, used 22300K [0x0000000702200000, 0x000000070bd80000, 0x0000000780b80000)
  object space 159232K, 14% used [0x0000000702200000,0x00000007037c72a0,0x000000070bd80000)
 Metaspace       used 69400K, capacity 73713K, committed 73944K, reserved 1114112K
  class space    used 9001K, capacity 9695K, committed 9728K, reserved 1048576K
GC Heap History (10 events):
Event: 9.003 GC heap before
{Heap before GC invocations=12 (full 2):
 PSYoungGen      total 259072K, used 95332K [0x0000000780b80000, 0x0000000796a80000, 0x00000007c0000000)
  eden space 245760K, 33% used [0x0000000780b80000,0x0000000785b9e700,0x000000078fb80000)
  from space 13312K, 99% used [0x000000078fb80000,0x000000079087a9f8,0x0000000790880000)
  to   space 17408K, 0% used [0x0000000795980000,0x0000000795980000,0x0000000796a80000)
 ParOldGen       total 114176K, used 20727K [0x0000000702200000, 0x0000000709180000, 0x0000000780b80000)
  object space 114176K, 18% used [0x0000000702200000,0x000000070363dee0,0x0000000709180000)
 Metaspace       used 55827K, capacity 58875K, committed 59028K, reserved 1099776K
  class space    used 7372K, capacity 7936K, committed 7936K, reserved 1048576K
Event: 9.018 GC heap after
Heap after GC invocations=12 (full 2):
 PSYoungGen      total 330752K, used 12119K [0x0000000780b80000, 0x0000000796580000, 0x00000007c0000000)
  eden space 318464K, 0% used [0x0000000780b80000,0x0000000780b80000,0x0000000794280000)
  from space 12288K, 98% used [0x0000000795980000,0x0000000796555df8,0x0000000796580000)
  to   space 17920K, 0% used [0x0000000794280000,0x0000000794280000,0x0000000795400000)
 ParOldGen       total 114176K, used 20735K [0x0000000702200000, 0x0000000709180000, 0x0000000780b80000)
  object space 114176K, 18% used [0x0000000702200000,0x000000070363fee0,0x0000000709180000)
 Metaspace       used 55827K, capacity 58875K, committed 59028K, reserved 1099776K
  class space    used 7372K, capacity 7936K, committed 7936K, reserved 1048576K
}
Event: 9.018 GC heap before
{Heap before GC invocations=13 (full 3):
 PSYoungGen      total 330752K, used 12119K [0x0000000780b80000, 0x0000000796580000, 0x00000007c0000000)
  eden space 318464K, 0% used [0x0000000780b80000,0x0000000780b80000,0x0000000794280000)
  from space 12288K, 98% used [0x0000000795980000,0x0000000796555df8,0x0000000796580000)
  to   space 17920K, 0% used [0x0000000794280000,0x0000000794280000,0x0000000795400000)
 ParOldGen       total 114176K, used 20735K [0x0000000702200000, 0x0000000709180000, 0x0000000780b80000)
  object space 114176K, 18% used [0x0000000702200000,0x000000070363fee0,0x0000000709180000)
 Metaspace       used 55827K, capacity 58875K, committed 59028K, reserved 1099776K
  class space    used 7372K, capacity 7936K, committed 7936K, reserved 1048576K
Event: 9.191 GC heap after
Heap after GC invocations=13 (full 3):
 PSYoungGen      total 330752K, used 0K [0x0000000780b80000, 0x0000000796580000, 0x00000007c0000000)
  eden space 318464K, 0% used [0x0000000780b80000,0x0000000780b80000,0x0000000794280000)
  from space 12288K, 0% used [0x0000000795980000,0x0000000795980000,0x0000000796580000)
  to   space 17920K, 0% used [0x0000000794280000,0x0000000794280000,0x0000000795400000)
 ParOldGen       total 159232K, used 23855K [0x0000000702200000, 0x000000070bd80000, 0x0000000780b80000)
  object space 159232K, 14% used [0x0000000702200000,0x000000070394bc80,0x000000070bd80000)
 Metaspace       used 55827K, capacity 58875K, committed 59028K, reserved 1099776K
  class space    used 7372K, capacity 7936K, committed 7936K, reserved 1048576K
}
Event: 168.066 GC heap before
{Heap before GC invocations=14 (full 3):
 PSYoungGen      total 330752K, used 318464K [0x0000000780b80000, 0x0000000796580000, 0x00000007c0000000)
  eden space 318464K, 100% used [0x0000000780b80000,0x0000000794280000,0x0000000794280000)
  from space 12288K, 0% used [0x0000000795980000,0x0000000795980000,0x0000000796580000)
  to   space 17920K, 0% used [0x0000000794280000,0x0000000794280000,0x0000000795400000)
 ParOldGen       total 159232K, used 23855K [0x0000000702200000, 0x000000070bd80000, 0x0000000780b80000)
  object space 159232K, 14% used [0x0000000702200000,0x000000070394bc80,0x000000070bd80000)
 Metaspace       used 67050K, capacity 71127K, committed 71512K, reserved 1112064K
  class space    used 8862K, capacity 9493K, committed 9600K, reserved 1048576K
Event: 168.091 GC heap after
Heap after GC invocations=14 (full 3):
 PSYoungGen      total 336384K, used 15079K [0x0000000780b80000, 0x000000079a880000, 0x00000007c0000000)
  eden space 318464K, 0% used [0x0000000780b80000,0x0000000780b80000,0x0000000794280000)
  from space 17920K, 84% used [0x0000000794280000,0x0000000795139c50,0x0000000795400000)
  to   space 19456K, 0% used [0x0000000799580000,0x0000000799580000,0x000000079a880000)
 ParOldGen       total 159232K, used 23863K [0x0000000702200000, 0x000000070bd80000, 0x0000000780b80000)
  object space 159232K, 14% used [0x0000000702200000,0x000000070394dc80,0x000000070bd80000)
 Metaspace       used 67050K, capacity 71127K, committed 71512K, reserved 1112064K
  class space    used 8862K, capacity 9493K, committed 9600K, reserved 1048576K
}
Event: 293.912 GC heap before
{Heap before GC invocations=15 (full 3):
 PSYoungGen      total 336384K, used 62713K [0x0000000780b80000, 0x000000079a880000, 0x00000007c0000000)
  eden space 318464K, 14% used [0x0000000780b80000,0x0000000783a047e8,0x0000000794280000)
  from space 17920K, 84% used [0x0000000794280000,0x0000000795139c50,0x0000000795400000)
  to   space 19456K, 0% used [0x0000000799580000,0x0000000799580000,0x000000079a880000)
 ParOldGen       total 159232K, used 23863K [0x0000000702200000, 0x000000070bd80000, 0x0000000780b80000)
  object space 159232K, 14% used [0x0000000702200000,0x000000070394dc80,0x000000070bd80000)
 Metaspace       used 67214K, capacity 71299K, committed 71512K, reserved 1112064K
  class space    used 8882K, capacity 9542K, committed 9600K, reserved 1048576K
Event: 293.918 GC heap after
Heap after GC invocations=15 (full 3):
 PSYoungGen      total 402432K, used 6848K [0x0000000780b80000, 0x000000079a780000, 0x00000007c0000000)
  eden space 384000K, 0% used [0x0000000780b80000,0x0000000780b80000,0x0000000798280000)
  from space 18432K, 37% used [0x0000000799580000,0x0000000799c30010,0x000000079a780000)
  to   space 18944K, 0% used [0x0000000798280000,0x0000000798280000,0x0000000799500000)
 ParOldGen       total 159232K, used 23871K [0x0000000702200000, 0x000000070bd80000, 0x0000000780b80000)
  object space 159232K, 14% used [0x0000000702200000,0x000000070394fc80,0x000000070bd80000)
 Metaspace       used 67214K, capacity 71299K, committed 71512K, reserved 1112064K
  class space    used 8882K, capacity 9542K, committed 9600K, reserved 1048576K
}
Event: 293.918 GC heap before
{Heap before GC invocations=16 (full 4):
 PSYoungGen      total 402432K, used 6848K [0x0000000780b80000, 0x000000079a780000, 0x00000007c0000000)
  eden space 384000K, 0% used [0x0000000780b80000,0x0000000780b80000,0x0000000798280000)
  from space 18432K, 37% used [0x0000000799580000,0x0000000799c30010,0x000000079a780000)
  to   space 18944K, 0% used [0x0000000798280000,0x0000000798280000,0x0000000799500000)
 ParOldGen       total 159232K, used 23871K [0x0000000702200000, 0x000000070bd80000, 0x0000000780b80000)
  object space 159232K, 14% used [0x0000000702200000,0x000000070394fc80,0x000000070bd80000)
 Metaspace       used 67214K, capacity 71299K, committed 71512K, reserved 1112064K
  class space    used 8882K, capacity 9542K, committed 9600K, reserved 1048576K
Event: 294.062 GC heap after
Heap after GC invocations=16 (full 4):
 PSYoungGen      total 402432K, used 0K [0x0000000780b80000, 0x000000079a780000, 0x00000007c0000000)
  eden space 384000K, 0% used [0x0000000780b80000,0x0000000780b80000,0x0000000798280000)
  from space 18432K, 0% used [0x0000000799580000,0x0000000799580000,0x000000079a780000)
  to   space 18944K, 0% used [0x0000000798280000,0x0000000798280000,0x0000000799500000)
 ParOldGen       total 159232K, used 22300K [0x0000000702200000, 0x000000070bd80000, 0x0000000780b80000)
  object space 159232K, 14% used [0x0000000702200000,0x00000007037c72a0,0x000000070bd80000)
 Metaspace       used 67214K, capacity 71299K, committed 71512K, reserved 1112064K
  class space    used 8882K, capacity 9542K, committed 9600K, reserved 1048576K
}

